<?xml version="1.0" encoding="UTF-8"?>
<testng-results skipped="0" failed="0" total="1" passed="1">
  <reporter-output>
  </reporter-output>
  <suite name="appium-android-test-suite" duration-ms="33943" started-at="2018-11-16T23:14:29Z" finished-at="2018-11-16T23:15:03Z">
    <groups>
    </groups>
    <test name="Test" duration-ms="33943" started-at="2018-11-16T23:14:29Z" finished-at="2018-11-16T23:15:03Z">
      <class name="com.org.appium.android.tests.genericTest">
        <test-method status="PASS" signature="beforeTest()[pri:0, instance:com.org.appium.android.tests.genericTest@1e7c7811]" name="beforeTest" is-config="true" duration-ms="16168" started-at="2018-11-16T15:14:29Z" finished-at="2018-11-16T15:14:45Z">
          <reporter-output>
          </reporter-output>
        </test-method> <!-- beforeTest -->
        <test-method status="PASS" signature="notNowButtonPress()[pri:0, instance:com.org.appium.android.tests.genericTest@1e7c7811]" name="notNowButtonPress" duration-ms="7640" started-at="2018-11-16T15:14:45Z" finished-at="2018-11-16T15:14:53Z">
          <reporter-output>
          </reporter-output>
        </test-method> <!-- notNowButtonPress -->
        <test-method status="PASS" signature="tearDownMethod()[pri:0, instance:com.org.appium.android.tests.genericTest@1e7c7811]" name="tearDownMethod" is-config="true" duration-ms="6241" started-at="2018-11-16T15:14:53Z" finished-at="2018-11-16T15:14:59Z">
          <reporter-output>
          </reporter-output>
        </test-method> <!-- tearDownMethod -->
        <test-method status="PASS" signature="afterClass()[pri:0, instance:com.org.appium.android.tests.genericTest@1e7c7811]" name="afterClass" is-config="true" duration-ms="3878" started-at="2018-11-16T15:14:59Z" finished-at="2018-11-16T15:15:03Z">
          <reporter-output>
          </reporter-output>
        </test-method> <!-- afterClass -->
        <test-method status="PASS" signature="tearDownTest()[pri:0, instance:com.org.appium.android.tests.genericTest@1e7c7811]" name="tearDownTest" is-config="true" duration-ms="1" started-at="2018-11-16T15:15:03Z" finished-at="2018-11-16T15:15:03Z">
          <reporter-output>
          </reporter-output>
        </test-method> <!-- tearDownTest -->
      </class> <!-- com.org.appium.android.tests.genericTest -->
    </test> <!-- Test -->
  </suite> <!-- appium-android-test-suite -->
</testng-results>
